11-Jun-2024 09:26:13.471 INFO [Thread-1] org.apache.catalina.core.ApplicationContext.log Destroying Spring FrameworkServlet 'dispatcher'
11-Jun-2024 09:26:13.563 INFO [Thread-1] org.apache.catalina.core.ApplicationContext.log Closing Spring root WebApplicationContext
11-Jun-2024 09:35:18.318 INFO [main] org.apache.catalina.core.ApplicationContext.log 2 Spring WebApplicationInitializers detected on classpath
11-Jun-2024 09:35:18.450 INFO [main] org.apache.catalina.core.ApplicationContext.log Initializing Spring root WebApplicationContext
11-Jun-2024 09:35:28.101 INFO [main] org.apache.catalina.core.ApplicationContext.log Initializing Spring DispatcherServlet 'dispatcher'
11-Jun-2024 09:36:32.313 INFO [Thread-1] org.apache.catalina.core.ApplicationContext.log Destroying Spring FrameworkServlet 'dispatcher'
11-Jun-2024 09:36:32.324 INFO [Thread-1] org.apache.catalina.core.ApplicationContext.log Closing Spring root WebApplicationContext
11-Jun-2024 12:35:55.875 INFO [main] org.apache.catalina.core.ApplicationContext.log 2 Spring WebApplicationInitializers detected on classpath
11-Jun-2024 12:35:55.990 INFO [main] org.apache.catalina.core.ApplicationContext.log Initializing Spring root WebApplicationContext
11-Jun-2024 12:36:11.165 INFO [main] org.apache.catalina.core.ApplicationContext.log Initializing Spring DispatcherServlet 'dispatcher'
11-Jun-2024 12:36:53.764 INFO [Thread-1] org.apache.catalina.core.ApplicationContext.log Destroying Spring FrameworkServlet 'dispatcher'
11-Jun-2024 12:36:53.777 INFO [Thread-1] org.apache.catalina.core.ApplicationContext.log Closing Spring root WebApplicationContext
11-Jun-2024 12:37:00.728 INFO [main] org.apache.catalina.core.ApplicationContext.log 2 Spring WebApplicationInitializers detected on classpath
11-Jun-2024 12:37:00.899 INFO [main] org.apache.catalina.core.ApplicationContext.log Initializing Spring root WebApplicationContext
11-Jun-2024 12:37:15.814 INFO [main] org.apache.catalina.core.ApplicationContext.log Initializing Spring DispatcherServlet 'dispatcher'
11-Jun-2024 12:37:33.504 INFO [Thread-1] org.apache.catalina.core.ApplicationContext.log Destroying Spring FrameworkServlet 'dispatcher'
11-Jun-2024 12:37:33.515 INFO [Thread-1] org.apache.catalina.core.ApplicationContext.log Closing Spring root WebApplicationContext
11-Jun-2024 12:37:43.159 INFO [main] org.apache.catalina.core.ApplicationContext.log 2 Spring WebApplicationInitializers detected on classpath
11-Jun-2024 12:37:43.329 INFO [main] org.apache.catalina.core.ApplicationContext.log Initializing Spring root WebApplicationContext
11-Jun-2024 12:37:57.625 INFO [main] org.apache.catalina.core.ApplicationContext.log Initializing Spring DispatcherServlet 'dispatcher'
11-Jun-2024 12:39:26.093 INFO [Thread-1] org.apache.catalina.core.ApplicationContext.log Destroying Spring FrameworkServlet 'dispatcher'
11-Jun-2024 12:39:26.101 INFO [Thread-1] org.apache.catalina.core.ApplicationContext.log Closing Spring root WebApplicationContext
11-Jun-2024 12:39:33.186 INFO [main] org.apache.catalina.core.ApplicationContext.log 2 Spring WebApplicationInitializers detected on classpath
11-Jun-2024 12:39:33.305 INFO [main] org.apache.catalina.core.ApplicationContext.log Initializing Spring root WebApplicationContext
11-Jun-2024 12:39:46.418 INFO [main] org.apache.catalina.core.ApplicationContext.log Initializing Spring DispatcherServlet 'dispatcher'
11-Jun-2024 12:47:44.197 INFO [Thread-1] org.apache.catalina.core.ApplicationContext.log Destroying Spring FrameworkServlet 'dispatcher'
11-Jun-2024 12:47:44.212 INFO [Thread-1] org.apache.catalina.core.ApplicationContext.log Closing Spring root WebApplicationContext
